/kyukon/scratch/gent/vo/000/gvo00003/vsc43693/projects/IMLCV/Miniconda3/bin/python
/kyukon/scratch/gent/vo/000/gvo00003/vsc43693/projects/IMLCV/Miniconda3/bin/python
/kyukon/scratch/gent/vo/000/gvo00003/vsc43693/projects/IMLCV/Miniconda3/bin/python
DEBUG:parsl.dataflow.dflow:Starting DataFlowKernel with config
Config(
    app_cache=True, 
    checkpoint_files=None, 
    checkpoint_mode=None, 
    checkpoint_period=None, 
    executors=[HighThroughputExecutor(
        address='gligar08.gastly.os', 
        address_probe_timeout=None, 
        cores_per_worker=1, 
        cpu_affinity='none', 
        heartbeat_period=30, 
        heartbeat_threshold=120, 
        interchange_port_range=(55000, 56000), 
        label='bootstrap_slaking', 
        launch_cmd='process_worker_pool.py {debug} {max_workers} -a {addresses} -p {prefetch_capacity} -c {cores_per_worker} -m {mem_per_worker} --poll {poll_period} --task_port={task_port} --result_port={result_port} --logdir={logdir} --block_id={{block_id}} --hb_period={heartbeat_period} {address_probe_timeout_string} --hb_threshold={heartbeat_threshold} --cpu-affinity {cpu_affinity} ', 
        managed=True, 
        max_workers=4, 
        mem_per_worker=3, 
        poll_period=10, 
        prefetch_capacity=0, 
        provider=VSCProviderSlurm(
            'slaking',
            account=None, 
            channel=<IMLCV.external.parsl_conf.config.ClusterChannel object at 0x7fbce542bd60>, 
            cmd_timeout=10, 
            cores_per_node=1, 
            exclusive=False, 
            init_blocks=1, 
            launcher=SingleNodeLauncher(debug=True, fail_on_any=False), 
            max_blocks=1, 
            mem_per_node=None, 
            min_blocks=0, 
            move_files=True, 
            nodes_per_block=1, 
            parallelism=1, 
            scheduler_options='\n', 
            walltime='72:00:00', 
            worker_init='\nexport OMP_NUM_THREADS=12\nlscpu\nsource /kyukon/scratch/gent/vo/000/gvo00003/vsc43693/projects/IMLCV/Miniconda3/bin/activate\n'
        ), 
        storage_access=None, 
        worker_debug=False, 
        worker_logdir_root=None, 
        worker_port_range=(54000, 55000), 
        worker_ports=None, 
        working_dir=None
    )], 
    garbage_collect=True, 
    initialize_logging=True, 
    internal_tasks_max_threads=10, 
    max_idletime=600, 
    monitoring=None, 
    retries=0, 
    retry_handler=None, 
    run_dir='/kyukon/scratch/gent/vo/000/gvo00003/vsc43693/projects/IMLCV/IMLCV/.runinfo', 
    strategy='simple', 
    usage_tracking=False
)
INFO:parsl.dataflow.dflow:Parsl version: 1.2.0
DEBUG:parsl.dataflow.usage_tracking.usage:Tracking status: False
INFO:parsl.dataflow.dflow:Run id is: 4455963c-7a03-4d42-b8d4-6c53e434e185
INFO:parsl.dataflow.memoization:App caching initialized
DEBUG:parsl.dataflow.strategy:Scaling strategy: simple
DEBUG:parsl.executors.high_throughput.executor:Starting queue management thread
DEBUG:parsl.executors.high_throughput.executor:[MTHREAD] queue management worker starting
DEBUG:parsl.executors.high_throughput.executor:Started queue management thread
AVAILABLE CPUS 16
INFO:interchange:Attempting connection to client at 127.0.0.1 on ports: 55149,55630,55766
INFO:interchange:Connected to client
INFO:interchange:Bound to ports 54193,54407 for incoming worker connections
INFO:interchange:Platform info: {'parsl_v': '1.2.0', 'python_v': '3.10.4', 'os': 'Linux', 'hostname': 'gligar08.gastly.os', 'dir': '/kyukon/scratch/gent/vo/000/gvo00003/vsc43693/projects/IMLCV'}
INFO:interchange:Incoming ports bound
INFO:interchange:[TASK_PULL_THREAD] Starting
DEBUG:parsl.executors.high_throughput.executor:Created management thread: <Thread(HTEX-Queue-Management-Thread, started daemon 140449146709760)>
DEBUG:parsl.executors.high_throughput.executor:Launch command: process_worker_pool.py  --max_workers=4 -a gligar08.gastly.os -p 0 -c 1 -m 3 --poll 10 --task_port=54193 --result_port=54407 --logdir=/kyukon/scratch/gent/vo/000/gvo00003/vsc43693/projects/IMLCV/IMLCV/.runinfo/021/bootstrap_slaking --block_id={block_id} --hb_period=30  --hb_threshold=120 --cpu-affinity none 
DEBUG:parsl.executors.high_throughput.executor:Starting HighThroughputExecutor with provider:
VSCProviderSlurm(
    'slaking',
    account=None, 
    channel=<IMLCV.external.parsl_conf.config.ClusterChannel object at 0x7fbce542bd60>, 
    cmd_timeout=10, 
    cores_per_node=1, 
    exclusive=False, 
    init_blocks=1, 
    launcher=SingleNodeLauncher(debug=True, fail_on_any=False), 
    max_blocks=1, 
    mem_per_node=None, 
    min_blocks=0, 
    move_files=True, 
    nodes_per_block=1, 
    parallelism=1, 
    scheduler_options='\n', 
    walltime='72:00:00', 
    worker_init='\nexport OMP_NUM_THREADS=12\nlscpu\nsource /kyukon/scratch/gent/vo/000/gvo00003/vsc43693/projects/IMLCV/Miniconda3/bin/activate\n'
)
DEBUG:parsl.providers.slurm.slurm:Requesting one block with 1 nodes
DEBUG:parsl.providers.slurm.slurm:Writing submit script
DEBUG:parsl.providers.slurm.slurm:moving files
DEBUG:parsl.executors.status_handling:Launched block 0->60025370
DEBUG:parsl.dataflow.task_status_poller:Adding executor bootstrap_slaking
DEBUG:parsl.dataflow.dflow:Task 0 will be sent to executor bootstrap_slaking
DEBUG:parsl.dataflow.dflow:Adding output dependencies
DEBUG:parsl.data_provider.files:Making clean copy of File object <<class 'parsl.data_provider.files.File'> at 0x7fbce527ea40 url=/kyukon/scratch/gent/vo/000/gvo00003/vsc43693/projects/IMLCV/IMLCV/bash_python_app/21122e03-6208-4346-ba34-7e32166a9efc scheme=file netloc= path=/kyukon/scratch/gent/vo/000/gvo00003/vsc43693/projects/IMLCV/IMLCV/bash_python_app/21122e03-6208-4346-ba34-7e32166a9efc filename=21122e03-6208-4346-ba34-7e32166a9efc>
DEBUG:parsl.dataflow.dflow:Submitting stage out for output file <<class 'parsl.data_provider.files.File'> at 0x7fbce527ea40 url=/kyukon/scratch/gent/vo/000/gvo00003/vsc43693/projects/IMLCV/IMLCV/bash_python_app/21122e03-6208-4346-ba34-7e32166a9efc scheme=file netloc= path=/kyukon/scratch/gent/vo/000/gvo00003/vsc43693/projects/IMLCV/IMLCV/bash_python_app/21122e03-6208-4346-ba34-7e32166a9efc filename=21122e03-6208-4346-ba34-7e32166a9efc>
DEBUG:parsl.data_provider.data_manager:stage_out checking Staging provider NoOpFileStaging()
DEBUG:parsl.data_provider.file_noop:NoOpFileStaging checking file <<class 'parsl.data_provider.files.File'> at 0x7fbce527eec0 url=/kyukon/scratch/gent/vo/000/gvo00003/vsc43693/projects/IMLCV/IMLCV/bash_python_app/21122e03-6208-4346-ba34-7e32166a9efc scheme=file netloc= path=/kyukon/scratch/gent/vo/000/gvo00003/vsc43693/projects/IMLCV/IMLCV/bash_python_app/21122e03-6208-4346-ba34-7e32166a9efc filename=21122e03-6208-4346-ba34-7e32166a9efc>
DEBUG:parsl.dataflow.dflow:No stageout dependency for <<class 'parsl.data_provider.files.File'> at 0x7fbce527ea40 url=/kyukon/scratch/gent/vo/000/gvo00003/vsc43693/projects/IMLCV/IMLCV/bash_python_app/21122e03-6208-4346-ba34-7e32166a9efc scheme=file netloc= path=/kyukon/scratch/gent/vo/000/gvo00003/vsc43693/projects/IMLCV/IMLCV/bash_python_app/21122e03-6208-4346-ba34-7e32166a9efc filename=21122e03-6208-4346-ba34-7e32166a9efc>
DEBUG:parsl.app.futures:Creating DataFuture with parent: <AppFuture at 0x7fbce527ed40 state=pending> and file: <<class 'parsl.data_provider.files.File'> at 0x7fbce527ea40 url=/kyukon/scratch/gent/vo/000/gvo00003/vsc43693/projects/IMLCV/IMLCV/bash_python_app/21122e03-6208-4346-ba34-7e32166a9efc scheme=file netloc= path=/kyukon/scratch/gent/vo/000/gvo00003/vsc43693/projects/IMLCV/IMLCV/bash_python_app/21122e03-6208-4346-ba34-7e32166a9efc filename=21122e03-6208-4346-ba34-7e32166a9efc>
DEBUG:parsl.data_provider.data_manager:stage_out checking Staging provider NoOpFileStaging()
DEBUG:parsl.data_provider.file_noop:NoOpFileStaging checking file <<class 'parsl.data_provider.files.File'> at 0x7fbce527eec0 url=/kyukon/scratch/gent/vo/000/gvo00003/vsc43693/projects/IMLCV/IMLCV/bash_python_app/21122e03-6208-4346-ba34-7e32166a9efc scheme=file netloc= path=/kyukon/scratch/gent/vo/000/gvo00003/vsc43693/projects/IMLCV/IMLCV/bash_python_app/21122e03-6208-4346-ba34-7e32166a9efc filename=21122e03-6208-4346-ba34-7e32166a9efc>
INFO:parsl.dataflow.dflow:Task 0 submitted for App fun, not waiting on any dependency
DEBUG:parsl.dataflow.dflow:Task 0 set to pending state with AppFuture: <AppFuture at 0x7fbce527ed40 state=pending>
DEBUG:parsl.dataflow.memoization:Task 0 will not be memoized
DEBUG:parsl.executors.high_throughput.executor:Pushing function <function wrap_error.<locals>.wrapper at 0x7fbce517aa70> to queue with args ()
INFO:parsl.dataflow.dflow:Task 0 launched on executor bootstrap_slaking
INFO:parsl.dataflow.dflow:Standard output for task 0 available at /kyukon/scratch/gent/vo/000/gvo00003/vsc43693/projects/IMLCV/IMLCV/.runinfo/021/task_logs/0000/task_0000_fun.stdout
INFO:parsl.dataflow.dflow:Standard error for task 0 available at /kyukon/scratch/gent/vo/000/gvo00003/vsc43693/projects/IMLCV/IMLCV/.runinfo/021/task_logs/0000/task_0000_fun.stderr
DEBUG:parsl.dataflow.dflow:Task 1 will be sent to executor bootstrap_slaking
DEBUG:parsl.data_provider.files:Making clean copy of File object <<class 'parsl.data_provider.files.File'> at 0x7fbce527ea40 url=/kyukon/scratch/gent/vo/000/gvo00003/vsc43693/projects/IMLCV/IMLCV/bash_python_app/21122e03-6208-4346-ba34-7e32166a9efc scheme=file netloc= path=/kyukon/scratch/gent/vo/000/gvo00003/vsc43693/projects/IMLCV/IMLCV/bash_python_app/21122e03-6208-4346-ba34-7e32166a9efc filename=21122e03-6208-4346-ba34-7e32166a9efc>
DEBUG:parsl.app.futures:Creating DataFuture with parent: <DataFuture at 0x7fbce527ef50 state=pending> and file: <<class 'parsl.data_provider.files.File'> at 0x7fbce51b0af0 url=/kyukon/scratch/gent/vo/000/gvo00003/vsc43693/projects/IMLCV/IMLCV/bash_python_app/21122e03-6208-4346-ba34-7e32166a9efc scheme=file netloc= path=/kyukon/scratch/gent/vo/000/gvo00003/vsc43693/projects/IMLCV/IMLCV/bash_python_app/21122e03-6208-4346-ba34-7e32166a9efc filename=21122e03-6208-4346-ba34-7e32166a9efc>
DEBUG:parsl.data_provider.data_manager:stage_in checking Staging provider NoOpFileStaging()
DEBUG:parsl.data_provider.file_noop:NoOpFileStaging checking file <<class 'parsl.data_provider.files.File'> at 0x7fbce51b0af0 url=/kyukon/scratch/gent/vo/000/gvo00003/vsc43693/projects/IMLCV/IMLCV/bash_python_app/21122e03-6208-4346-ba34-7e32166a9efc scheme=file netloc= path=/kyukon/scratch/gent/vo/000/gvo00003/vsc43693/projects/IMLCV/IMLCV/bash_python_app/21122e03-6208-4346-ba34-7e32166a9efc filename=21122e03-6208-4346-ba34-7e32166a9efc>
DEBUG:parsl.data_provider.data_manager:stage_in checking Staging provider NoOpFileStaging()
DEBUG:parsl.data_provider.file_noop:NoOpFileStaging checking file <<class 'parsl.data_provider.files.File'> at 0x7fbce51b0af0 url=/kyukon/scratch/gent/vo/000/gvo00003/vsc43693/projects/IMLCV/IMLCV/bash_python_app/21122e03-6208-4346-ba34-7e32166a9efc scheme=file netloc= path=/kyukon/scratch/gent/vo/000/gvo00003/vsc43693/projects/IMLCV/IMLCV/bash_python_app/21122e03-6208-4346-ba34-7e32166a9efc filename=21122e03-6208-4346-ba34-7e32166a9efc>
DEBUG:parsl.dataflow.dflow:Adding output dependencies
INFO:parsl.dataflow.dflow:Task 1 submitted for App load, waiting on task 0
DEBUG:parsl.dataflow.dflow:Task 1 set to pending state with AppFuture: <AppFuture at 0x7fbce51b0700 state=pending>
DEBUG:parsl.providers.slurm.slurm:Executing squeue --job 60025370
DEBUG:parsl.providers.slurm.slurm:sqeueue returned CLUSTER: slaking
             JOBID PARTITION     NAME     USER ST       TIME  NODES NODELIST(REASON)
          60025370   slaking parsl.sl vsc43693  R       0:05      1 node3701.slaking.os
 
Due to MODULEPATH changes, the following have been reloaded:
  1) GCCcore/11.3.0                   8) binutils/2.38-GCCcore-11.3.0
  2) GMP/6.2.1-GCCcore-11.3.0         9) bzip2/1.0.8-GCCcore-11.3.0
  3) OpenSSL/1.1                     10) libffi/3.4.2-GCCcore-11.3.0
  4) Python/3.10.4-GCCcore-11.3.0    11) libreadline/8.1.2-GCCcore-11.3.0
  5) SQLite/3.38.3-GCCcore-11.3.0    12) ncurses/6.3-GCCcore-11.3.0
  6) Tcl/8.6.12-GCCcore-11.3.0       13) zlib/1.2.12-GCCcore-11.3.0
  7) XZ/5.2.5-GCCcore-11.3.0

The following have been reloaded with a version change:
  1) cluster/victini => cluster/slaking


DEBUG:parsl.providers.slurm.slurm:Updating job 60025370 with slurm status R to parsl status 2
DEBUG:parsl.dataflow.strategy:Executor bootstrap_slaking has 1 active tasks, 1/0 running/pending blocks, and 0 connected workers
DEBUG:parsl.dataflow.strategy:Executor bootstrap_slaking has 1 active tasks, 1/0 running/pending blocks, and 0 connected workers
INFO:interchange:[MAIN] Adding manager: b'd738490a2e4d' to ready queue
INFO:interchange:[MAIN] Registration info for manager b'd738490a2e4d': {'parsl_v': '1.2.0', 'python_v': '3.10.4', 'worker_count': 1, 'uid': 'd738490a2e4d', 'block_id': '0', 'prefetch_capacity': 0, 'max_capacity': 1, 'os': 'Linux', 'hostname': 'node3701.slaking.os', 'dir': '/kyukon/scratch/gent/vo/000/gvo00003/vsc43693/projects/IMLCV', 'cpu_count': 24, 'total_memory': 540786188288}
INFO:interchange:[MAIN] Manager b'd738490a2e4d' has compatible Parsl version 1.2.0
INFO:interchange:[MAIN] Manager b'd738490a2e4d' has compatible Python version 3.10
DEBUG:parsl.dataflow.strategy:Executor bootstrap_slaking has 1 active tasks, 1/0 running/pending blocks, and 1 connected workers
DEBUG:parsl.dataflow.strategy:Executor bootstrap_slaking has 1 active tasks, 1/0 running/pending blocks, and 1 connected workers
DEBUG:parsl.dataflow.strategy:Executor bootstrap_slaking has 1 active tasks, 1/0 running/pending blocks, and 1 connected workers
Traceback (most recent call last):
  File "/kyukon/scratch/gent/vo/000/gvo00003/vsc43693/projects/IMLCV/IMLCV/external/parsl_conf/bootstrap_hpc.py", line 73, in <module>
    out = bootstrap_hpc(f)( name=args.name )
  File "/kyukon/scratch/gent/vo/000/gvo00003/vsc43693/projects/IMLCV/IMLCV/external/parsl_conf/bootstrap_hpc.py", line 24, in f
    return future.result()
  File "/kyukon/scratch/gent/vo/000/gvo00003/vsc43693/projects/IMLCV/Miniconda3/lib/python3.10/concurrent/futures/_base.py", line 441, in result
    self._condition.wait(timeout)
  File "/kyukon/scratch/gent/vo/000/gvo00003/vsc43693/projects/IMLCV/Miniconda3/lib/python3.10/threading.py", line 320, in wait
Process HTEX-Interchange:
    waiter.acquire()
KeyboardInterrupt
INFO:parsl.dataflow.dflow:DFK cleanup initiated
INFO:parsl.dataflow.dflow:Summary of tasks in DFK:
INFO:parsl.dataflow.dflow:Tasks in state States.pending: 1
INFO:parsl.dataflow.dflow:Tasks in state States.launched: 1
INFO:parsl.dataflow.dflow:End of summary
INFO:parsl.dataflow.dflow:Terminating flow_control and strategy threads
DEBUG:parsl.executors.high_throughput.executor:Current blocks : {'0': '60025370'}
DEBUG:parsl.executors.high_throughput.executor:[HOLD_BLOCK]: Sending hold to manager: d738490a2e4d
INFO:interchange:[CMD] Received HOLD_WORKER for b'd738490a2e4d'
DEBUG:parsl.executors.high_throughput.executor:Sent hold request to worker: d738490a2e4d
Traceback (most recent call last):
  File "/kyukon/scratch/gent/vo/000/gvo00003/vsc43693/projects/IMLCV/Miniconda3/lib/python3.10/multiprocessing/process.py", line 315, in _bootstrap
    self.run()
  File "/kyukon/scratch/gent/vo/000/gvo00003/vsc43693/projects/IMLCV/Miniconda3/lib/python3.10/multiprocessing/process.py", line 108, in run
    self._target(*self._args, **self._kwargs)
  File "/kyukon/scratch/gent/vo/000/gvo00003/vsc43693/projects/IMLCV/Miniconda3/lib/python3.10/site-packages/parsl/process_loggers.py", line 27, in wrapped
    r = func(*args, **kwargs)
  File "/kyukon/scratch/gent/vo/000/gvo00003/vsc43693/projects/IMLCV/Miniconda3/lib/python3.10/site-packages/parsl/executors/high_throughput/interchange.py", line 592, in starter
    ic.start()
  File "/kyukon/scratch/gent/vo/000/gvo00003/vsc43693/projects/IMLCV/Miniconda3/lib/python3.10/site-packages/parsl/executors/high_throughput/interchange.py", line 386, in start
    self.socks = dict(poller.poll(timeout=poll_period))
  File "/kyukon/scratch/gent/vo/000/gvo00003/vsc43693/projects/IMLCV/Miniconda3/lib/python3.10/site-packages/zmq/sugar/poll.py", line 104, in poll
    return zmq_poll(self.sockets, timeout=timeout)
  File "zmq/backend/cython/_poll.pyx", line 121, in zmq.backend.cython._poll.zmq_poll
  File "zmq/backend/cython/checkrc.pxd", line 13, in zmq.backend.cython.checkrc._check_rc
KeyboardInterrupt
INFO:parsl.executors.high_throughput.executor:Attempting HighThroughputExecutor shutdown
INFO:parsl.executors.high_throughput.executor:Finished HighThroughputExecutor shutdown attempt
DEBUG:parsl.executors.threads:Done with executor shutdown
INFO:parsl.dataflow.dflow:DFK cleanup complete
